[doccure-html.dreamguystech.com/template/index.html]
[backblue.gif]
[fade.gif]
[index.html]
[doccure-html.dreamguystech.com/template/assets/img/favicon.png]
[doccure-html.dreamguystech.com/template/assets/css/bootstrap.min.css]
[doccure-html.dreamguystech.com/template/assets/plugins/fontawesome/css/fontawesome.min.css]
[doccure-html.dreamguystech.com/template/assets/plugins/fontawesome/css/all.min.css]
[doccure-html.dreamguystech.com/template/assets/css/style.css]
[doccure-html.dreamguystech.com/template/index-2.html]
[doccure-html.dreamguystech.com/template/assets/img/logo.png]
[doccure-html.dreamguystech.com/template/index-1.html]
[doccure-html.dreamguystech.com/template/index-3.html]
[doccure-html.dreamguystech.com/template/index-4.html]
[doccure-html.dreamguystech.com/template/index-5.html]
[doccure-html.dreamguystech.com/template/index-6.html]
[doccure-html.dreamguystech.com/template/index-7.html]
[doccure-html.dreamguystech.com/template/index-8.html]
[doccure-html.dreamguystech.com/template/index-9.html]
[doccure-html.dreamguystech.com/template/doctor-dashboard.html]
[doccure-html.dreamguystech.com/template/appointments.html]
[doccure-html.dreamguystech.com/template/schedule-timings.html]
[doccure-html.dreamguystech.com/template/my-patients.html]
[doccure-html.dreamguystech.com/template/patient-profile.html]
[doccure-html.dreamguystech.com/template/chat-doctor.html]
[doccure-html.dreamguystech.com/template/invoices.html]
[doccure-html.dreamguystech.com/template/doctor-profile-settings.html]
[doccure-html.dreamguystech.com/template/reviews.html]
[doccure-html.dreamguystech.com/template/doctor-register.html]
[doccure-html.dreamguystech.com/template/doctor-blog.html]
[doccure-html.dreamguystech.com/template/blog-details.html]
[doccure-html.dreamguystech.com/template/doctor-add-blog.html]
[doccure-html.dreamguystech.com/template/map-grid.html]
[doccure-html.dreamguystech.com/template/map-list.html]
[doccure-html.dreamguystech.com/template/search.html]
[doccure-html.dreamguystech.com/template/doctor-profile.html]
[doccure-html.dreamguystech.com/template/booking.html]
[doccure-html.dreamguystech.com/template/checkout.html]
[doccure-html.dreamguystech.com/template/booking-success.html]
[doccure-html.dreamguystech.com/template/patient-dashboard.html]
[doccure-html.dreamguystech.com/template/favourites.html]
[doccure-html.dreamguystech.com/template/chat.html]
[doccure-html.dreamguystech.com/template/profile-settings.html]
[doccure-html.dreamguystech.com/template/change-password.html]
[doccure-html.dreamguystech.com/template/pharmacy-index.html]
[doccure-html.dreamguystech.com/template/pharmacy-details.html]
[doccure-html.dreamguystech.com/template/pharmacy-search.html]
[doccure-html.dreamguystech.com/template/product-all.html]
[doccure-html.dreamguystech.com/template/product-description.html]
[doccure-html.dreamguystech.com/template/cart.html]
[doccure-html.dreamguystech.com/template/product-checkout.html]
[doccure-html.dreamguystech.com/template/payment-success.html]
[doccure-html.dreamguystech.com/template/pharmacy-register.html]
[doccure-html.dreamguystech.com/template/voice-call.html]
[doccure-html.dreamguystech.com/template/video-call.html]
[doccure-html.dreamguystech.com/template/calendar.html]
[doccure-html.dreamguystech.com/template/components.html]
[doccure-html.dreamguystech.com/template/invoice-view.html]
[doccure-html.dreamguystech.com/template/blank-page.html]
[doccure-html.dreamguystech.com/template/login.html]
[doccure-html.dreamguystech.com/template/register.html]
[doccure-html.dreamguystech.com/template/forgot-password.html]
[doccure-html.dreamguystech.com/template/blog-list.html]
[doccure-html.dreamguystech.com/template/blog-grid.html]
[doccure-html.dreamguystech.com/template/admin/index.html]
[doccure-html.dreamguystech.com/template/pharmacy/index.html]
[doccure-html.dreamguystech.com/template/assets/img/doctors/doctor-07.jpg]
[doccure-html.dreamguystech.com/template/assets/img/img-pharmacy1.jpg]
[doccure-html.dreamguystech.com/template/assets/img/lab-image.jpg]
[doccure-html.dreamguystech.com/template/assets/img/specialities/specialities-01.png]
[doccure-html.dreamguystech.com/template/assets/img/specialities/specialities-02.png]
[doccure-html.dreamguystech.com/template/assets/img/specialities/specialities-03.png]
[doccure-html.dreamguystech.com/template/assets/img/specialities/specialities-04.png]
[doccure-html.dreamguystech.com/template/assets/img/specialities/specialities-05.png]
[doccure-html.dreamguystech.com/template/assets/img/doctors/doctor-01.jpg]
[doccure-html.dreamguystech.com/template/assets/img/doctors/doctor-02.jpg]
[doccure-html.dreamguystech.com/template/assets/img/doctors/doctor-03.jpg]
[doccure-html.dreamguystech.com/template/assets/img/doctors/doctor-04.jpg]
[doccure-html.dreamguystech.com/template/assets/img/doctors/doctor-05.jpg]
[doccure-html.dreamguystech.com/template/assets/img/doctors/doctor-06.jpg]
[doccure-html.dreamguystech.com/template/assets/img/doctors/doctor-08.jpg]
[doccure-html.dreamguystech.com/template/assets/img/features/feature.png]
[doccure-html.dreamguystech.com/template/assets/img/features/feature-01.jpg]
[doccure-html.dreamguystech.com/template/assets/img/features/feature-02.jpg]
[doccure-html.dreamguystech.com/template/assets/img/features/feature-03.jpg]
[doccure-html.dreamguystech.com/template/assets/img/features/feature-04.jpg]
[doccure-html.dreamguystech.com/template/assets/img/features/feature-05.jpg]
[doccure-html.dreamguystech.com/template/assets/img/features/feature-06.jpg]
[doccure-html.dreamguystech.com/template/assets/img/blog/blog-01.jpg]
[doccure-html.dreamguystech.com/template/assets/img/doctors/doctor-thumb-01.jpg]
[doccure-html.dreamguystech.com/template/assets/img/blog/blog-02.jpg]
[doccure-html.dreamguystech.com/template/assets/img/doctors/doctor-thumb-02.jpg]
[doccure-html.dreamguystech.com/template/assets/img/blog/blog-03.jpg]
[doccure-html.dreamguystech.com/template/assets/img/doctors/doctor-thumb-03.jpg]
[doccure-html.dreamguystech.com/template/assets/img/blog/blog-04.jpg]
[doccure-html.dreamguystech.com/template/assets/img/doctors/doctor-thumb-04.jpg]
[doccure-html.dreamguystech.com/template/assets/img/footer-logo.png]
[doccure-html.dreamguystech.com/template/term-condition.html]
[doccure-html.dreamguystech.com/template/privacy-policy.html]
[doccure-html.dreamguystech.com/cdn-cgi/scripts/5c5dd728/cloudflare-static/email-decode.min.js]
[doccure-html.dreamguystech.com/template/assets/js/jquery.min.js]
[doccure-html.dreamguystech.com/template/assets/js/popper.min.js]
[doccure-html.dreamguystech.com/template/assets/js/bootstrap.min.js]
[doccure-html.dreamguystech.com/template/assets/js/slick.js]
[doccure-html.dreamguystech.com/template/index.html]
[doccure-html.dreamguystech.com/template/assets/css/bootstrap.min.css]
[doccure-html.dreamguystech.com/template/assets/plugins/fontawesome/css/fontawesome.min.css]
[doccure-html.dreamguystech.com/template/assets/js/script.js]
[doccure-html.dreamguystech.com/template/assets/plugins/fontawesome/webfonts/fa-brands-400.eot]
[doccure-html.dreamguystech.com/template/assets/plugins/fontawesome/webfonts/fa-brands-400d41d.eot]
[doccure-html.dreamguystech.com/template/assets/plugins/fontawesome/webfonts/fa-brands-400.woff]
[doccure-html.dreamguystech.com/template/assets/plugins/fontawesome/webfonts/fa-brands-400.ttf]
[doccure-html.dreamguystech.com/template/assets/plugins/fontawesome/webfonts/fa-brands-400.svg]
[doccure-html.dreamguystech.com/template/assets/plugins/fontawesome/webfonts/fa-regular-400.eot]
[doccure-html.dreamguystech.com/template/assets/plugins/fontawesome/webfonts/fa-regular-400d41d.eot]
[doccure-html.dreamguystech.com/template/assets/plugins/fontawesome/webfonts/fa-regular-400.woff]
[doccure-html.dreamguystech.com/template/assets/plugins/fontawesome/webfonts/fa-regular-400.ttf]
[doccure-html.dreamguystech.com/template/assets/plugins/fontawesome/webfonts/fa-regular-400.svg]
[doccure-html.dreamguystech.com/template/assets/plugins/fontawesome/webfonts/fa-solid-900.eot]
[doccure-html.dreamguystech.com/template/assets/plugins/fontawesome/webfonts/fa-solid-900d41d.eot]
[doccure-html.dreamguystech.com/template/assets/plugins/fontawesome/webfonts/fa-solid-900.woff]
[doccure-html.dreamguystech.com/template/assets/plugins/fontawesome/webfonts/fa-solid-900.ttf]
[doccure-html.dreamguystech.com/template/assets/plugins/fontawesome/css/all.min.css]
[doccure-html.dreamguystech.com/template/assets/plugins/fontawesome/webfonts/fa-solid-900.svg]
[doccure-html.dreamguystech.com/template/assets/fonts/MaterialIcons-Regular.eot]
[doccure-html.dreamguystech.com/template/assets/fonts/MaterialIcons-Regular.woff]
[doccure-html.dreamguystech.com/template/assets/fonts/MaterialIcons-Regular.ttf]
[doccure-html.dreamguystech.com/template/assets/img/icons/tick-icon.svg]
[doccure-html.dreamguystech.com/template/assets/img/icons/down-arrow-gray.svg]
[doccure-html.dreamguystech.com/template/assets/img/icons/down-arrow-gray-dark.svg]
[doccure-html.dreamguystech.com/template/assets/img/flag/india.png]
[doccure-html.dreamguystech.com/template/assets/img/flag/ng.png]
[doccure-html.dreamguystech.com/template/assets/img/flag/gb.png]
[doccure-html.dreamguystech.com/template/assets/img/flag/usa.png]
[doccure-html.dreamguystech.com/template/assets/img/icons/search-icon.svg]
[doccure-html.dreamguystech.com/template/assets/img/search-bg.png]
[doccure-html.dreamguystech.com/template/assets/img/slider-bg.jpg]
[doccure-html.dreamguystech.com/template/assets/img/banner-2.jpg]
[doccure-html.dreamguystech.com/template/assets/img/location.png]
[doccure-html.dreamguystech.com/template/assets/img/search.png]
[doccure-html.dreamguystech.com/template/assets/img/google-map.png]
[doccure-html.dreamguystech.com/template/assets/img/special-banner.jpg]
[doccure-html.dreamguystech.com/template/assets/img/shapes/doctor-bg.jpg]
[doccure-html.dreamguystech.com/template/assets/img/shapes/doctor-right-bg.jpg]
[doccure-html.dreamguystech.com/template/assets/img/specialist-bg.jpg]
[doccure-html.dreamguystech.com/template/assets/img/featured-bg.jpg]
[doccure-html.dreamguystech.com/template/assets/img/banner-3.jpg]
[doccure-html.dreamguystech.com/template/assets/img/slider/blue-bg.png]
[doccure-html.dreamguystech.com/template/assets/img/slider/doctor-bg.jpg]
[doccure-html.dreamguystech.com/template/assets/img/slider/patient-bg.jpg]
[doccure-html.dreamguystech.com/template/assets/img/slider/feature-img.jpg]
[doccure-html.dreamguystech.com/template/assets/img/slider/banner-01.jpg]
[doccure-html.dreamguystech.com/template/assets/img/slider/banner-02.jpg]
[doccure-html.dreamguystech.com/template/assets/css/style.css]
[doccure-html.dreamguystech.com/template/index-2.html]
[doccure-html.dreamguystech.com/template/assets/plugins/select2/css/select2.min.css]
[doccure-html.dreamguystech.com/template/assets/img/dr-slider.png]
[doccure-html.dreamguystech.com/template/assets/img/category/1.png]
[doccure-html.dreamguystech.com/template/assets/img/category/2.png]
[doccure-html.dreamguystech.com/template/assets/img/category/3.png]
[doccure-html.dreamguystech.com/template/assets/img/category/4.png]
[doccure-html.dreamguystech.com/template/assets/img/category/5.png]
[doccure-html.dreamguystech.com/template/index-1.html]
[doccure-html.dreamguystech.com/template/assets/img/banner-1.png]
[doccure-html.dreamguystech.com/template/index-3.html]
[doccure-html.dreamguystech.com/template/assets/img/slider/slider-1.jpg]
[doccure-html.dreamguystech.com/template/assets/img/slider/slider-2.jpg]
[doccure-html.dreamguystech.com/template/assets/img/slider/slider-3.jpg]
[doccure-html.dreamguystech.com/template/index-4.html]
[doccure-html.dreamguystech.com/template/assets/plugins/swiper/css/swiper.min.css]
[doccure-html.dreamguystech.com/template/assets/img/slider/slider-4.jpg]
[doccure-html.dreamguystech.com/template/assets/img/slider/slider-5.jpg]
[doccure-html.dreamguystech.com/template/assets/img/slider/slider-6.jpg]
[doccure-html.dreamguystech.com/template/assets/img/slider/slider-7.jpg]
[doccure-html.dreamguystech.com/template/assets/img/icons/set-cat-01.png]
[doccure-html.dreamguystech.com/template/assets/img/icons/set-cat-02.png]
[doccure-html.dreamguystech.com/template/assets/img/icons/clinic-hover-01.png]
[doccure-html.dreamguystech.com/template/assets/img/icons/clinic-02.png]
[doccure-html.dreamguystech.com/template/assets/img/icons/clinic-hover-02.png]
[doccure-html.dreamguystech.com/template/assets/img/icons/clinic-03.png]
[doccure-html.dreamguystech.com/template/assets/img/icons/clinic-hover-03.png]
[doccure-html.dreamguystech.com/template/assets/img/icons/clinic-04.png]
[doccure-html.dreamguystech.com/template/assets/img/icons/clinic-hover-04.png]
[doccure-html.dreamguystech.com/template/assets/img/icons/clinic-05.png]
[doccure-html.dreamguystech.com/template/assets/img/icons/clinic-hover-05.png]
[doccure-html.dreamguystech.com/template/assets/img/icons/clinic-06.png]
[doccure-html.dreamguystech.com/template/assets/img/icons/clinic-hover-06.png]
[doccure-html.dreamguystech.com/template/assets/img/icons/clinic-07.png]
[doccure-html.dreamguystech.com/template/assets/img/icons/clinic-hover-07.png]
[doccure-html.dreamguystech.com/template/assets/img/icons/clinic-08.png]
[doccure-html.dreamguystech.com/template/assets/img/icons/clinic-hover-08.png]
[doccure-html.dreamguystech.com/template/assets/img/icons/clinic-09.png]
[doccure-html.dreamguystech.com/template/assets/img/icons/clinic-hover-09.png]
[doccure-html.dreamguystech.com/template/assets/img/icons/clinic-10.png]
[doccure-html.dreamguystech.com/template/assets/img/icons/clinic-hover-10.png]
[doccure-html.dreamguystech.com/template/assets/img/icons/browse-01.jpg]
[doccure-html.dreamguystech.com/template/assets/img/icons/browse-02.jpg]
[doccure-html.dreamguystech.com/template/assets/img/icons/clinic-11.png]
[doccure-html.dreamguystech.com/template/assets/img/icons/browse-03.jpg]
[doccure-html.dreamguystech.com/template/assets/img/icons/browse-04.jpg]
[doccure-html.dreamguystech.com/template/assets/img/icons/clinic-12.png]
[doccure-html.dreamguystech.com/template/assets/img/icons/browse-05.jpg]
[doccure-html.dreamguystech.com/template/assets/img/icons/clinic-13.png]
[doccure-html.dreamguystech.com/template/assets/img/icons/doct-01.png]
[doccure-html.dreamguystech.com/template/assets/img/icons/doct-02.png]
[doccure-html.dreamguystech.com/template/assets/img/doctors/book-doc-01.jpg]
[doccure-html.dreamguystech.com/template/assets/img/doctors/book-doc-02.jpg]
[doccure-html.dreamguystech.com/template/assets/img/doctors/book-doc-03.jpg]
[doccure-html.dreamguystech.com/template/assets/img/doctors/book-doc-04.jpg]
[doccure-html.dreamguystech.com/template/assets/img/doctors/book-doc-05.jpg]
[doccure-html.dreamguystech.com/template/assets/img/clinic/spec-01.jpg]
[doccure-html.dreamguystech.com/template/assets/img/clinic/spec-02.jpg]
[doccure-html.dreamguystech.com/template/assets/img/clinic/spec-03.jpg]
[doccure-html.dreamguystech.com/template/assets/img/blog/blog-wrap-01.jpg]
[doccure-html.dreamguystech.com/template/assets/img/blog/blog-wrap-02.jpg]
[doccure-html.dreamguystech.com/template/assets/img/blog/blog-wrap-03.jpg]
[doccure-html.dreamguystech.com/template/assets/img/blog/blog-wrap-04.jpg]
[doccure-html.dreamguystech.com/template/index-5.html]
[doccure-html.dreamguystech.com/template/assets/plugins/swiper/js/swiper.min.js]
[doccure-html.dreamguystech.com/template/assets/img/slide1.jpg]
[doccure-html.dreamguystech.com/template/assets/img/slide2.jpg]
[doccure-html.dreamguystech.com/template/index-6.html]
[doccure-html.dreamguystech.com/template/assets/css/owl.carousel.min.css]
[doccure-html.dreamguystech.com/template/assets/img/login-btn.png]
[doccure-html.dreamguystech.com/template/assets/img/doctor-banner.png]
[doccure-html.dreamguystech.com/template/assets/img/shapes/shape-1.png]
[doccure-html.dreamguystech.com/template/assets/img/shapes/shape-2.png]
[doccure-html.dreamguystech.com/template/assets/img/clinic/clinic-1.jpg]
[doccure-html.dreamguystech.com/template/assets/img/clinic/clinic-2.jpg]
[doccure-html.dreamguystech.com/template/assets/img/clinic/clinic-4.jpg]
[doccure-html.dreamguystech.com/template/assets/img/clinic/clinic-3.jpg]
[doccure-html.dreamguystech.com/template/assets/img/clinic/clinic-5.jpg]
[doccure-html.dreamguystech.com/template/assets/img/shapes/shape-3.png]
[doccure-html.dreamguystech.com/template/assets/img/shapes/shape-4.png]
[doccure-html.dreamguystech.com/template/assets/img/clinic/clinic-6.jpg]
[doccure-html.dreamguystech.com/template/assets/img/clinic/clinic-7.jpg]
[doccure-html.dreamguystech.com/template/assets/img/clinic/clinic-8.jpg]
[doccure-html.dreamguystech.com/template/assets/img/clinic/clinic-9.jpg]
[doccure-html.dreamguystech.com/template/assets/img/clinic/clinic-10.jpg]
[doccure-html.dreamguystech.com/template/assets/img/blog-1.jpg]
[doccure-html.dreamguystech.com/template/assets/img/blog-2.jpg]
[doccure-html.dreamguystech.com/template/assets/img/blog-3.jpg]
[doccure-html.dreamguystech.com/template/assets/img/blog-4.jpg]
[doccure-html.dreamguystech.com/template/assets/js/owl.carousel.min.js]
[doccure-html.dreamguystech.com/template/index-7.html]
[doccure-html.dreamguystech.com/template/assets/img/shapes/spec.png]
[doccure-html.dreamguystech.com/template/assets/img/shapes/spec-01.png]
[doccure-html.dreamguystech.com/template/assets/img/shapes/spec-02.png]
[doccure-html.dreamguystech.com/template/assets/img/shapes/spec-03.png]
[doccure-html.dreamguystech.com/template/assets/img/shapes/spec-04.png]
[doccure-html.dreamguystech.com/template/assets/img/shapes/spec-05.png]
[doccure-html.dreamguystech.com/template/assets/img/shapes/spec-06.png]
[doccure-html.dreamguystech.com/template/assets/img/shapes/spec-07.png]
[doccure-html.dreamguystech.com/template/assets/img/shapes/bro-01.png]
[doccure-html.dreamguystech.com/template/assets/img/shapes/bro-02.png]
[doccure-html.dreamguystech.com/template/assets/img/shapes/bro-03.png]
[doccure-html.dreamguystech.com/template/assets/img/shapes/bro-04.png]
[doccure-html.dreamguystech.com/template/assets/img/shapes/bro-05.png]
[doccure-html.dreamguystech.com/template/assets/img/shapes/map-plus.png]
[doccure-html.dreamguystech.com/template/assets/img/shapes/alarm.png]
[doccure-html.dreamguystech.com/template/assets/img/shapes/consult.png]
[doccure-html.dreamguystech.com/template/assets/img/shapes/exper.png]
[doccure-html.dreamguystech.com/template/assets/img/shapes/blog-img01.jpg]
[doccure-html.dreamguystech.com/template/assets/img/shapes/blog-img02.jpg]
[doccure-html.dreamguystech.com/template/assets/img/shapes/blog-img03.jpg]
[doccure-html.dreamguystech.com/template/index-8.html]
[doccure-html.dreamguystech.com/template/assets/img/doctor-banner1.png]
[doccure-html.dreamguystech.com/template/assets/img/shapes/blog-img01.png]
[doccure-html.dreamguystech.com/template/assets/img/icons/visit-01.png]
[doccure-html.dreamguystech.com/template/assets/img/icons/visit-02.png]
[doccure-html.dreamguystech.com/template/assets/img/icons/visit-03.png]
[doccure-html.dreamguystech.com/template/assets/img/shapes/clinic-bg.png]
[doccure-html.dreamguystech.com/template/assets/img/icons/cardiology.png]
[doccure-html.dreamguystech.com/template/index-9.html]
[doccure-html.dreamguystech.com/template/available-timings.html]
[doccure-html.dreamguystech.com/template/accounts.html]
[doccure-html.dreamguystech.com/template/social-media.html]
[doccure-html.dreamguystech.com/template/doctor-change-password.html]
[doccure-html.dreamguystech.com/template/assets/img/icon-01.png]
[doccure-html.dreamguystech.com/template/assets/img/icon-02.png]
[doccure-html.dreamguystech.com/template/assets/img/icon-03.png]
[doccure-html.dreamguystech.com/template/assets/img/patients/patient.jpg]
[doccure-html.dreamguystech.com/template/assets/img/patients/patient1.jpg]
[doccure-html.dreamguystech.com/template/assets/img/patients/patient2.jpg]
[doccure-html.dreamguystech.com/template/assets/img/patients/patient3.jpg]
[doccure-html.dreamguystech.com/template/assets/img/patients/patient4.jpg]
[doccure-html.dreamguystech.com/template/assets/img/patients/patient5.jpg]
[doccure-html.dreamguystech.com/template/assets/img/patients/patient6.jpg]
[doccure-html.dreamguystech.com/template/assets/img/patients/patient7.jpg]
[doccure-html.dreamguystech.com/template/assets/img/patients/patient8.jpg]
[doccure-html.dreamguystech.com/template/assets/img/patients/patient9.jpg]
[doccure-html.dreamguystech.com/template/assets/img/patients/patient10.jpg]
[doccure-html.dreamguystech.com/template/assets/img/patients/patient11.jpg]
[doccure-html.dreamguystech.com/template/assets/plugins/theia-sticky-sidebar/ResizeSensor.js]
[doccure-html.dreamguystech.com/template/assets/plugins/theia-sticky-sidebar/theia-sticky-sidebar.js]
[doccure-html.dreamguystech.com/template/assets/js/circle-progress.min.js]
[doccure-html.dreamguystech.com/template/doctor-dashboard.html]
[doccure-html.dreamguystech.com/template/appointments.html]
[doccure-html.dreamguystech.com/template/schedule-timings.html]
[doccure-html.dreamguystech.com/template/my-patients.html]
[doccure-html.dreamguystech.com/template/assets/plugins/select2/js/select2.min.js]
[doccure-html.dreamguystech.com/template/assets/css/bootstrap-datetimepicker.min.css]
[doccure-html.dreamguystech.com/template/edit-prescription.html]
[doccure-html.dreamguystech.com/template/add-prescription.html]
[doccure-html.dreamguystech.com/template/assets/img/doctors/doctor-thumb-05.jpg]
[doccure-html.dreamguystech.com/template/assets/img/doctors/doctor-thumb-06.jpg]
[doccure-html.dreamguystech.com/template/assets/img/doctors/doctor-thumb-07.jpg]
[doccure-html.dreamguystech.com/template/assets/img/doctors/doctor-thumb-08.jpg]
[doccure-html.dreamguystech.com/template/assets/img/doctors/doctor-thumb-09.jpg]
[doccure-html.dreamguystech.com/template/assets/img/doctors/doctor-thumb-10.jpg]
[doccure-html.dreamguystech.com/template/add-billing.html]
[doccure-html.dreamguystech.com/template/edit-billing.html]
[doccure-html.dreamguystech.com/template/assets/js/moment.min.js]
[doccure-html.dreamguystech.com/template/patient-profile.html]
[doccure-html.dreamguystech.com/template/assets/js/bootstrap-datetimepicker.min.js]
[doccure-html.dreamguystech.com/template/assets/img/img-02.jpg]
[doccure-html.dreamguystech.com/template/assets/img/img-03.jpg]
[doccure-html.dreamguystech.com/template/assets/img/img-04.jpg]
[doccure-html.dreamguystech.com/template/chat-doctor.html]
[doccure-html.dreamguystech.com/template/invoices.html]
[doccure-html.dreamguystech.com/template/assets/plugins/bootstrap-tagsinput/css/bootstrap-tagsinput.css]
[doccure-html.dreamguystech.com/template/assets/plugins/dropzone/dropzone.min.css]
[doccure-html.dreamguystech.com/template/assets/plugins/dropzone/dropzone.min.js]
[doccure-html.dreamguystech.com/template/assets/plugins/bootstrap-tagsinput/js/bootstrap-tagsinput.js]
[doccure-html.dreamguystech.com/template/assets/js/profile-settings.js]
[doccure-html.dreamguystech.com/template/doctor-profile-settings.html]
[doccure-html.dreamguystech.com/template/reviews.html]
[doccure-html.dreamguystech.com/template/assets/img/login-banner.png]
[doccure-html.dreamguystech.com/template/doctor-register.html]
[doccure-html.dreamguystech.com/template/doctor-pending-blog.html]
[doccure-html.dreamguystech.com/template/edit-blog.html]
[doccure-html.dreamguystech.com/template/assets/img/blog/blog-05.jpg]
[doccure-html.dreamguystech.com/template/assets/img/blog/blog-06.jpg]
[doccure-html.dreamguystech.com/template/assets/img/blog/blog-07.jpg]
[doccure-html.dreamguystech.com/template/assets/img/blog/blog-08.jpg]
[doccure-html.dreamguystech.com/template/assets/img/blog/blog-09.jpg]
[doccure-html.dreamguystech.com/template/assets/img/blog/blog-10.jpg]
[doccure-html.dreamguystech.com/template/doctor-blog.html]
[doccure-html.dreamguystech.com/template/assets/img/blog/blog-thumb-01.jpg]
[doccure-html.dreamguystech.com/template/assets/img/blog/blog-thumb-02.jpg]
[doccure-html.dreamguystech.com/template/assets/img/blog/blog-thumb-03.jpg]
[doccure-html.dreamguystech.com/template/assets/img/blog/blog-thumb-04.jpg]
[doccure-html.dreamguystech.com/template/assets/img/blog/blog-thumb-05.jpg]
[doccure-html.dreamguystech.com/template/blog-details.html]
[doccure-html.dreamguystech.com/template/assets/img/img-01.jpg]
[doccure-html.dreamguystech.com/template/doctor-add-blog.html]
[doccure-html.dreamguystech.com/template/assets/img/doctors/doctor-09.jpg]
[doccure-html.dreamguystech.com/template/assets/img/doctors/doctor-10.jpg]
[doccure-html.dreamguystech.com/template/assets/img/doctors/doctor-11.jpg]
[doccure-html.dreamguystech.com/template/assets/img/doctors/doctor-12.jpg]
[doccure-html.dreamguystech.com/template/assets/js/map.js]
[doccure-html.dreamguystech.com/template/map-grid.html]
[doccure-html.dreamguystech.com/template/assets/plugins/fancybox/jquery.fancybox.min.css]
[doccure-html.dreamguystech.com/template/map-list.html]
[doccure-html.dreamguystech.com/template/search.html]
[doccure-html.dreamguystech.com/template/doctor-profile.html]
[doccure-html.dreamguystech.com/template/assets/plugins/fancybox/jquery.fancybox.min.js]
[doccure-html.dreamguystech.com/template/assets/plugins/daterangepicker/daterangepicker.css]
[doccure-html.dreamguystech.com/template/assets/plugins/daterangepicker/daterangepicker.js]
[doccure-html.dreamguystech.com/template/booking.html]
[doccure-html.dreamguystech.com/template/checkout.html]
[doccure-html.dreamguystech.com/template/booking-success.html]
[doccure-html.dreamguystech.com/template/assets/plugins/apex/apexcharts.css]
[doccure-html.dreamguystech.com/template/dependent.html]
[doccure-html.dreamguystech.com/template/patient-accounts.html]
[doccure-html.dreamguystech.com/template/orders-list.html]
[doccure-html.dreamguystech.com/template/medical-records.html]
[doccure-html.dreamguystech.com/template/medical-details.html]
[doccure-html.dreamguystech.com/template/assets/img/specialities/pt-dashboard-01.png]
[doccure-html.dreamguystech.com/template/assets/img/specialities/pt-dashboard-02.png]
[doccure-html.dreamguystech.com/template/assets/img/specialities/pt-dashboard-03.png]
[doccure-html.dreamguystech.com/template/assets/img/specialities/pt-dashboard-04.png]
[doccure-html.dreamguystech.com/template/assets/img/shapes/graph-01.png]
[doccure-html.dreamguystech.com/template/assets/img/shapes/graph-02.png]
[doccure-html.dreamguystech.com/template/assets/img/shapes/graph-03.png]
[doccure-html.dreamguystech.com/template/assets/img/shapes/graph-04.png]
[doccure-html.dreamguystech.com/template/patient-dashboard.html]
[doccure-html.dreamguystech.com/template/favourites.html]
[doccure-html.dreamguystech.com/template/chat.html]
[doccure-html.dreamguystech.com/template/profile-settings.html]
[doccure-html.dreamguystech.com/template/change-password.html]
[doccure-html.dreamguystech.com/template/assets/plugins/apex/apexcharts.min.js]
[doccure-html.dreamguystech.com/template/assets/img/doc-slide-1.png]
[doccure-html.dreamguystech.com/template/pharmacy-index.html]
[doccure-html.dreamguystech.com/template/assets/img/medical-img1.jpg]
[doccure-html.dreamguystech.com/template/pharmacy-details.html]
[doccure-html.dreamguystech.com/template/assets/img/medical-img2.jpg]
[doccure-html.dreamguystech.com/template/assets/img/medical-img3.jpg]
[doccure-html.dreamguystech.com/template/pharmacy-search.html]
[doccure-html.dreamguystech.com/template/assets/img/products/product.jpg]
[doccure-html.dreamguystech.com/template/assets/img/products/product13.jpg]
[doccure-html.dreamguystech.com/template/assets/img/products/product1.jpg]
[doccure-html.dreamguystech.com/template/assets/img/products/product2.jpg]
[doccure-html.dreamguystech.com/template/assets/img/products/product12.jpg]
[doccure-html.dreamguystech.com/template/assets/img/products/product11.jpg]
[doccure-html.dreamguystech.com/template/assets/img/products/product3.jpg]
[doccure-html.dreamguystech.com/template/assets/img/products/product10.jpg]
[doccure-html.dreamguystech.com/template/assets/img/products/product4.jpg]
[doccure-html.dreamguystech.com/template/assets/img/products/product14.jpg]
[doccure-html.dreamguystech.com/template/assets/img/products/product5.jpg]
[doccure-html.dreamguystech.com/template/assets/img/products/product6.jpg]
[doccure-html.dreamguystech.com/template/assets/img/products/product15.jpg]
[doccure-html.dreamguystech.com/template/assets/img/products/product7.jpg]
[doccure-html.dreamguystech.com/template/assets/img/products/product8.jpg]
[doccure-html.dreamguystech.com/template/product-all.html]
[doccure-html.dreamguystech.com/template/product-description.html]
[doccure-html.dreamguystech.com/template/cart.html]
[doccure-html.dreamguystech.com/template/product-checkout.html]
[doccure-html.dreamguystech.com/template/payment-success.html]
[doccure-html.dreamguystech.com/template/pharmacy-register.html]
[doccure-html.dreamguystech.com/template/voice-call.html]
[doccure-html.dreamguystech.com/template/assets/img/video-call.jpg]
[doccure-html.dreamguystech.com/template/video-call.html]
[doccure-html.dreamguystech.com/template/assets/plugins/fullcalendar/fullcalendar.min.css]
[doccure-html.dreamguystech.com/template/assets/plugins/jquery-ui/jquery-ui.min.js]
[doccure-html.dreamguystech.com/template/assets/plugins/fullcalendar/fullcalendar.min.js]
[doccure-html.dreamguystech.com/template/assets/plugins/fullcalendar/jquery.fullcalendar.js]
[doccure-html.dreamguystech.com/template/calendar.html]
[doccure-html.dreamguystech.com/template/components.html]
[doccure-html.dreamguystech.com/template/invoice-view.html]
[doccure-html.dreamguystech.com/template/blank-page.html]
[doccure-html.dreamguystech.com/template/login.html]
[doccure-html.dreamguystech.com/template/register.html]
[doccure-html.dreamguystech.com/template/forgot-password.html]
[doccure-html.dreamguystech.com/template/blog-list.html]
[doccure-html.dreamguystech.com/template/blog-grid.html]
[doccure-html.dreamguystech.com/template/admin/assets/img/favicon.png]
[doccure-html.dreamguystech.com/template/admin/assets/css/bootstrap.min.css]
[doccure-html.dreamguystech.com/template/admin/assets/css/font-awesome.min.css]
[doccure-html.dreamguystech.com/template/admin/assets/css/feathericon.min.css]
[doccure-html.dreamguystech.com/template/admin/assets/plugins/morris/morris.css]
[doccure-html.dreamguystech.com/template/admin/assets/css/style.css]
[doccure-html.dreamguystech.com/template/admin/assets/img/logo.png]
[doccure-html.dreamguystech.com/template/admin/assets/img/logo-small.png]
[doccure-html.dreamguystech.com/template/admin/assets/img/doctors/doctor-thumb-01.jpg]
[doccure-html.dreamguystech.com/template/admin/assets/img/patients/patient1.jpg]
[doccure-html.dreamguystech.com/template/admin/assets/img/patients/patient2.jpg]
[doccure-html.dreamguystech.com/template/admin/assets/img/patients/patient3.jpg]
[doccure-html.dreamguystech.com/template/admin/assets/img/profiles/avatar-01.jpg]
[doccure-html.dreamguystech.com/template/admin/profile.html]
[doccure-html.dreamguystech.com/template/admin/settings.html]
[doccure-html.dreamguystech.com/template/admin/login.html]
[doccure-html.dreamguystech.com/template/admin/appointment-list.html]
[doccure-html.dreamguystech.com/template/admin/specialities.html]
[doccure-html.dreamguystech.com/template/admin/doctor-list.html]
[doccure-html.dreamguystech.com/template/admin/patient-list.html]
[doccure-html.dreamguystech.com/template/admin/reviews.html]
[doccure-html.dreamguystech.com/template/admin/transactions-list.html]
[doccure-html.dreamguystech.com/template/admin/invoice-report.html]
[doccure-html.dreamguystech.com/template/admin/blog.html]
[doccure-html.dreamguystech.com/template/admin/blog-details.html]
[doccure-html.dreamguystech.com/template/admin/add-blog.html]
[doccure-html.dreamguystech.com/template/admin/edit-blog.html]
[doccure-html.dreamguystech.com/template/admin/product-list.html]
[doccure-html.dreamguystech.com/template/admin/pharmacy-list.html]
[doccure-html.dreamguystech.com/template/admin/register.html]
[doccure-html.dreamguystech.com/template/admin/forgot-password.html]
[doccure-html.dreamguystech.com/template/admin/lock-screen.html]
[doccure-html.dreamguystech.com/template/admin/error-404.html]
[doccure-html.dreamguystech.com/template/admin/error-500.html]
[doccure-html.dreamguystech.com/template/admin/blank-page.html]
[doccure-html.dreamguystech.com/template/admin/components.html]
[doccure-html.dreamguystech.com/template/admin/form-basic-inputs.html]
[doccure-html.dreamguystech.com/template/admin/form-input-groups.html]
[doccure-html.dreamguystech.com/template/admin/form-horizontal.html]
[doccure-html.dreamguystech.com/template/admin/form-vertical.html]
[doccure-html.dreamguystech.com/template/admin/form-mask.html]
[doccure-html.dreamguystech.com/template/admin/form-validation.html]
[doccure-html.dreamguystech.com/template/admin/tables-basic.html]
[doccure-html.dreamguystech.com/template/admin/data-tables.html]
[doccure-html.dreamguystech.com/template/admin/assets/img/doctors/doctor-thumb-02.jpg]
[doccure-html.dreamguystech.com/template/admin/assets/img/doctors/doctor-thumb-03.jpg]
[doccure-html.dreamguystech.com/template/admin/assets/img/doctors/doctor-thumb-04.jpg]
[doccure-html.dreamguystech.com/template/admin/assets/img/doctors/doctor-thumb-05.jpg]
[doccure-html.dreamguystech.com/template/admin/assets/img/patients/patient4.jpg]
[doccure-html.dreamguystech.com/template/admin/assets/img/patients/patient5.jpg]
[doccure-html.dreamguystech.com/template/admin/assets/js/jquery-3.2.1.min.js]
[doccure-html.dreamguystech.com/template/admin/assets/js/popper.min.js]
[doccure-html.dreamguystech.com/template/admin/assets/js/bootstrap.min.js]
[doccure-html.dreamguystech.com/template/admin/assets/plugins/slimscroll/jquery.slimscroll.min.js]
[doccure-html.dreamguystech.com/template/admin/assets/plugins/raphael/raphael.min.js]
[doccure-html.dreamguystech.com/template/admin/assets/plugins/morris/morris.min.js]
[doccure-html.dreamguystech.com/template/admin/assets/js/chart.morris.js]
[doccure-html.dreamguystech.com/template/admin/index.html]
[doccure-html.dreamguystech.com/template/pharmacy/assets/css/bootstrap.min.css]
[doccure-html.dreamguystech.com/template/pharmacy/assets/css/font-awesome.min.css]
[doccure-html.dreamguystech.com/template/pharmacy/assets/css/feathericon.min.css]
[doccure-html.dreamguystech.com/template/pharmacy/assets/plugins/morris/morris.css]
[doccure-html.dreamguystech.com/template/pharmacy/assets/css/style.css]
[doccure-html.dreamguystech.com/template/pharmacy/assets/img/logo.png]
[doccure-html.dreamguystech.com/template/pharmacy/assets/img/logo-small.png]
[doccure-html.dreamguystech.com/template/pharmacy/assets/img/doctors/doctor-thumb-01.jpg]
[doccure-html.dreamguystech.com/template/pharmacy/assets/img/profiles/avatar-01.jpg]
[doccure-html.dreamguystech.com/template/pharmacy/assets/img/profiles/avatar-02.jpg]
[doccure-html.dreamguystech.com/template/pharmacy/assets/img/profiles/avatar-03.jpg]
[doccure-html.dreamguystech.com/template/pharmacy/profile.html]
[doccure-html.dreamguystech.com/template/pharmacy/settings.html]
[doccure-html.dreamguystech.com/template/pharmacy/login.html]
[doccure-html.dreamguystech.com/template/pharmacy/products.html]
[doccure-html.dreamguystech.com/template/pharmacy/add-product.html]
[doccure-html.dreamguystech.com/template/pharmacy/outstock.html]
[doccure-html.dreamguystech.com/template/pharmacy/expired.html]
[doccure-html.dreamguystech.com/template/pharmacy/categories.html]
[doccure-html.dreamguystech.com/template/pharmacy/purchase.html]
[doccure-html.dreamguystech.com/template/pharmacy/add-purchase.html]
[doccure-html.dreamguystech.com/template/pharmacy/order.html]
[doccure-html.dreamguystech.com/template/pharmacy/sales.html]
[doccure-html.dreamguystech.com/template/pharmacy/supplier.html]
[doccure-html.dreamguystech.com/template/pharmacy/add-supplier.html]
[doccure-html.dreamguystech.com/template/pharmacy/transactions-list.html]
[doccure-html.dreamguystech.com/template/pharmacy/invoice-report.html]
[doccure-html.dreamguystech.com/template/pharmacy/assets/js/jquery-3.2.1.min.js]
[doccure-html.dreamguystech.com/template/pharmacy/assets/js/popper.min.js]
[doccure-html.dreamguystech.com/template/pharmacy/assets/js/bootstrap.min.js]
[doccure-html.dreamguystech.com/template/pharmacy/assets/plugins/slimscroll/jquery.slimscroll.min.js]
[doccure-html.dreamguystech.com/template/pharmacy/assets/plugins/raphael/raphael.min.js]
[doccure-html.dreamguystech.com/template/pharmacy/assets/plugins/morris/morris.min.js]
[doccure-html.dreamguystech.com/template/pharmacy/assets/js/chart.morris.js]
[doccure-html.dreamguystech.com/template/pharmacy/assets/js/script.js]
[doccure-html.dreamguystech.com/template/pharmacy/index.html]
[doccure-html.dreamguystech.com/template/term-condition.html]
[doccure-html.dreamguystech.com/template/privacy-policy.html]
[doccure-html.dreamguystech.com/template/assets/plugins/fontawesome/webfonts/fa-brands-400.html]
[doccure-html.dreamguystech.com/template/assets/plugins/fontawesome/webfonts/fa-brands-400.svg]
[doccure-html.dreamguystech.com/template/assets/plugins/fontawesome/webfonts/fa-regular-400.html]
[doccure-html.dreamguystech.com/template/assets/plugins/fontawesome/webfonts/fa-regular-400.svg]
[doccure-html.dreamguystech.com/template/assets/plugins/fontawesome/webfonts/fa-solid-900.html]
[doccure-html.dreamguystech.com/template/assets/plugins/fontawesome/webfonts/fa-solid-900.svg]
[doccure-html.dreamguystech.com/template/assets/fonts/MaterialIcons-Regular.html]
[doccure-html.dreamguystech.com/template/assets/img/icons/tick-icon.svg]
[doccure-html.dreamguystech.com/template/assets/img/icons/down-arrow-gray.svg]
[doccure-html.dreamguystech.com/template/assets/img/icons/down-arrow-gray-dark.svg]
[doccure-html.dreamguystech.com/template/assets/img/flag/india.html]
[doccure-html.dreamguystech.com/template/assets/img/flag/ng.html]
[doccure-html.dreamguystech.com/template/assets/img/flag/gb.html]
[doccure-html.dreamguystech.com/template/assets/img/flag/usa.html]
[doccure-html.dreamguystech.com/template/assets/img/icons/search-icon.svg]
[doccure-html.dreamguystech.com/template/assets/plugins/select2/css/select2.min.css]
[doccure-html.dreamguystech.com/template/assets/plugins/swiper/css/swiper.min.css]
[doccure-html.dreamguystech.com/template/assets/img/icons/set-cat-03.html]
[doccure-html.dreamguystech.com/template/assets/img/icons/clinic-01.html]
[doccure-html.dreamguystech.com/template/assets/css/owl.video.play.png]
[doccure-html.dreamguystech.com/template/assets/css/owl.carousel.min.css]
[doccure-html.dreamguystech.com/template/assets/img/doctor-banner.html]
[doccure-html.dreamguystech.com/template/available-timings.html]
[doccure-html.dreamguystech.com/template/accounts.html]
[doccure-html.dreamguystech.com/template/social-media.html]
[doccure-html.dreamguystech.com/template/doctor-change-password.html]
[doccure-html.dreamguystech.com/template/assets/css/bootstrap-datetimepicker.min.css]
[doccure-html.dreamguystech.com/template/edit-prescription.html]
[doccure-html.dreamguystech.com/template/add-prescription.html]
[doccure-html.dreamguystech.com/template/add-billing.html]
[doccure-html.dreamguystech.com/template/edit-billing.html]
[doccure-html.dreamguystech.com/template/assets/plugins/bootstrap-tagsinput/css/bootstrap-tagsinput.css]
[doccure-html.dreamguystech.com/template/assets/plugins/dropzone/dropzone.min.css]
[doccure-html.dreamguystech.com/template/doctor-pending-blog.html]
[doccure-html.dreamguystech.com/template/edit-blog.html]
[doccure-html.dreamguystech.com/template/assets/plugins/fancybox/jquery.fancybox.min.css]
[doccure-html.dreamguystech.com/template/assets/plugins/daterangepicker/daterangepicker.css]
[doccure-html.dreamguystech.com/template/assets/plugins/apex/apexcharts.css]
[doccure-html.dreamguystech.com/template/product-healthcare.html]
[doccure-html.dreamguystech.com/template/assets/plugins/jquery-ui/jquery-ui.min.css]
[doccure-html.dreamguystech.com/template/assets/img/son.jpg]
[doccure-html.dreamguystech.com/template/assets/img/daughter.jpg]
[doccure-html.dreamguystech.com/template/assets/img/father.jpg]
[doccure-html.dreamguystech.com/template/assets/img/mother.jpg]
[doccure-html.dreamguystech.com/template/dependent.html]
[doccure-html.dreamguystech.com/template/patient-accounts.html]
[doccure-html.dreamguystech.com/template/orders-list.html]
[doccure-html.dreamguystech.com/template/assets/img/upload-icon.png]
[doccure-html.dreamguystech.com/template/medical-records.html]
[doccure-html.dreamguystech.com/template/medical-details.html]
[doccure-html.dreamguystech.com/template/assets/plugins/fullcalendar/fullcalendar.min.css]
[doccure-html.dreamguystech.com/template/admin/assets/css/bootstrap.min.css]
[doccure-html.dreamguystech.com/template/admin/assets/fonts/fontawesome-webfont3e6e.eot]
[doccure-html.dreamguystech.com/template/admin/assets/fonts/fontawesome-webfontd41d.eot]
[doccure-html.dreamguystech.com/template/admin/assets/fonts/fontawesome-webfont3e6e.woff]
[doccure-html.dreamguystech.com/template/admin/assets/fonts/fontawesome-webfont3e6e.ttf]
[doccure-html.dreamguystech.com/template/admin/assets/css/font-awesome.min.css]
[doccure-html.dreamguystech.com/template/admin/assets/fonts/fontawesome-webfont3e6e.svg]
[doccure-html.dreamguystech.com/template/admin/assets/fonts/feathericon.eot]
[doccure-html.dreamguystech.com/template/admin/assets/fonts/feathericond41d.eot]
[doccure-html.dreamguystech.com/template/admin/assets/fonts/feathericon.woff]
[doccure-html.dreamguystech.com/template/admin/assets/fonts/feathericon.ttf]
[doccure-html.dreamguystech.com/template/admin/assets/css/feathericon.min.css]
[doccure-html.dreamguystech.com/template/admin/assets/plugins/morris/morris.css]
[doccure-html.dreamguystech.com/template/admin/assets/fonts/feathericon.svg]
[doccure-html.dreamguystech.com/template/admin/assets/fonts/MaterialIcons-Regular.eot]
[doccure-html.dreamguystech.com/template/admin/assets/fonts/MaterialIcons-Regular.woff]
[doccure-html.dreamguystech.com/template/admin/assets/css/style.css]
[doccure-html.dreamguystech.com/template/admin/profile.html]
[doccure-html.dreamguystech.com/template/admin/settings.html]
[doccure-html.dreamguystech.com/template/admin/assets/fonts/MaterialIcons-Regular.ttf]
[doccure-html.dreamguystech.com/template/admin/assets/img/logo-white.png]
[doccure-html.dreamguystech.com/template/admin/login.html]
[doccure-html.dreamguystech.com/template/admin/assets/plugins/datatables/datatables.min.css]
[doccure-html.dreamguystech.com/template/admin/assets/img/doctors/doctor-thumb-06.jpg]
[doccure-html.dreamguystech.com/template/admin/assets/img/patients/patient6.jpg]
[doccure-html.dreamguystech.com/template/admin/assets/img/doctors/doctor-thumb-07.jpg]
[doccure-html.dreamguystech.com/template/admin/assets/img/patients/patient7.jpg]
[doccure-html.dreamguystech.com/template/admin/assets/img/doctors/doctor-thumb-08.jpg]
[doccure-html.dreamguystech.com/template/admin/assets/img/patients/patient8.jpg]
[doccure-html.dreamguystech.com/template/admin/assets/img/doctors/doctor-thumb-09.jpg]
[doccure-html.dreamguystech.com/template/admin/assets/img/patients/patient9.jpg]
[doccure-html.dreamguystech.com/template/admin/assets/img/doctors/doctor-thumb-10.jpg]
[doccure-html.dreamguystech.com/template/admin/assets/img/patients/patient10.jpg]
[doccure-html.dreamguystech.com/template/admin/assets/plugins/datatables/jquery.dataTables.min.js]
[doccure-html.dreamguystech.com/template/admin/appointment-list.html]
[doccure-html.dreamguystech.com/template/admin/assets/plugins/datatables/datatables.min.js]
[doccure-html.dreamguystech.com/template/admin/assets/img/specialities/specialities-01.png]
[doccure-html.dreamguystech.com/template/admin/assets/img/specialities/specialities-02.png]
[doccure-html.dreamguystech.com/template/admin/assets/img/specialities/specialities-03.png]
[doccure-html.dreamguystech.com/template/admin/assets/img/specialities/specialities-04.png]
[doccure-html.dreamguystech.com/template/admin/assets/img/specialities/specialities-05.png]
[doccure-html.dreamguystech.com/template/admin/specialities.html]
[doccure-html.dreamguystech.com/template/admin/doctor-list.html]
[doccure-html.dreamguystech.com/template/admin/assets/img/patients/patient11.jpg]
[doccure-html.dreamguystech.com/template/admin/assets/img/patients/patient12.jpg]
[doccure-html.dreamguystech.com/template/admin/assets/img/patients/patient13.jpg]
[doccure-html.dreamguystech.com/template/admin/assets/img/patients/patient14.jpg]
[doccure-html.dreamguystech.com/template/admin/assets/img/patients/patient15.jpg]
[doccure-html.dreamguystech.com/template/admin/patient-list.html]
[doccure-html.dreamguystech.com/template/admin/reviews.html]
[doccure-html.dreamguystech.com/template/admin/transactions-list.html]
[doccure-html.dreamguystech.com/template/admin/invoice-report.html]
[doccure-html.dreamguystech.com/template/admin/invoice.html]
[doccure-html.dreamguystech.com/template/admin/assets/plugins/fontawesome/css/fontawesome.min.css]
[doccure-html.dreamguystech.com/template/admin/assets/plugins/fontawesome/css/all.min.css]
[doccure-html.dreamguystech.com/template/admin/pending-blog.html]
[doccure-html.dreamguystech.com/template/admin/assets/img/blog/blog-01.jpg]
[doccure-html.dreamguystech.com/template/admin/assets/img/blog/blog-02.jpg]
[doccure-html.dreamguystech.com/template/admin/assets/img/blog/blog-03.jpg]
[doccure-html.dreamguystech.com/template/admin/assets/img/blog/blog-04.jpg]
[doccure-html.dreamguystech.com/template/admin/assets/img/blog/blog-05.jpg]
[doccure-html.dreamguystech.com/template/admin/assets/img/blog/blog-06.jpg]
[doccure-html.dreamguystech.com/template/admin/assets/img/blog/blog-07.jpg]
[doccure-html.dreamguystech.com/template/admin/assets/img/blog/blog-08.jpg]
[doccure-html.dreamguystech.com/template/admin/assets/img/blog/blog-09.jpg]
[doccure-html.dreamguystech.com/template/admin/assets/img/blog/blog-10.jpg]
[doccure-html.dreamguystech.com/template/admin/blog.html]
[doccure-html.dreamguystech.com/template/admin/doctor-profile.html]
[doccure-html.dreamguystech.com/template/admin/blog-details.html]
[doccure-html.dreamguystech.com/template/admin/assets/img/profiles/avatar-17.jpg]
[doccure-html.dreamguystech.com/template/admin/add-blog.html]
[doccure-html.dreamguystech.com/template/admin/edit-blog.html]
[doccure-html.dreamguystech.com/template/admin/assets/img/product/product.jpg]
[doccure-html.dreamguystech.com/template/admin/product-list.html]
[doccure-html.dreamguystech.com/template/admin/assets/img/features/feature-01.jpg]
[doccure-html.dreamguystech.com/template/admin/assets/img/features/feature-02.jpg]
[doccure-html.dreamguystech.com/template/admin/pharmacy-list.html]
[doccure-html.dreamguystech.com/template/admin/register.html]
[doccure-html.dreamguystech.com/template/admin/forgot-password.html]
[doccure-html.dreamguystech.com/template/admin/assets/img/profiles/avatar-02.jpg]
[doccure-html.dreamguystech.com/template/admin/lock-screen.html]
[doccure-html.dreamguystech.com/template/admin/error-404.html]
[doccure-html.dreamguystech.com/template/admin/error-500.html]
[doccure-html.dreamguystech.com/template/admin/blank-page.html]
[doccure-html.dreamguystech.com/template/admin/assets/img/profiles/avatar-03.jpg]
[doccure-html.dreamguystech.com/template/admin/assets/img/profiles/avatar-04.jpg]
[doccure-html.dreamguystech.com/template/admin/assets/img/img-01.jpg]
[doccure-html.dreamguystech.com/template/admin/components.html]
[doccure-html.dreamguystech.com/template/admin/form-basic-inputs.html]
[doccure-html.dreamguystech.com/template/admin/form-input-groups.html]
[doccure-html.dreamguystech.com/template/admin/assets/css/select2.min.css]
[doccure-html.dreamguystech.com/template/admin/form-horizontal.html]
[doccure-html.dreamguystech.com/template/admin/form-vertical.html]
[doccure-html.dreamguystech.com/template/admin/assets/js/select2.min.js]
[doccure-html.dreamguystech.com/template/admin/assets/js/jquery.maskedinput.min.js]
[doccure-html.dreamguystech.com/template/admin/assets/js/mask.js]
[doccure-html.dreamguystech.com/template/admin/form-mask.html]
[doccure-html.dreamguystech.com/template/admin/assets/js/form-validation.js]
[doccure-html.dreamguystech.com/template/admin/form-validation.html]
[doccure-html.dreamguystech.com/template/admin/tables-basic.html]
[doccure-html.dreamguystech.com/template/admin/data-tables.html]
[doccure-html.dreamguystech.com/template/admin/assets/js/script.html]
[doccure-html.dreamguystech.com/template/pharmacy/assets/img/favicon.html]
[doccure-html.dreamguystech.com/template/pharmacy/assets/css/bootstrap.min.css]
[doccure-html.dreamguystech.com/template/pharmacy/assets/fonts/fontawesome-webfont3e6e.eot]
[doccure-html.dreamguystech.com/template/pharmacy/assets/fonts/fontawesome-webfontd41d.eot]
[doccure-html.dreamguystech.com/template/pharmacy/assets/fonts/fontawesome-webfont3e6e.woff]
[doccure-html.dreamguystech.com/template/pharmacy/assets/fonts/fontawesome-webfont3e6e.ttf]
[doccure-html.dreamguystech.com/template/pharmacy/assets/css/font-awesome.min.css]
[doccure-html.dreamguystech.com/template/pharmacy/assets/fonts/fontawesome-webfont3e6e.svg]
[doccure-html.dreamguystech.com/template/pharmacy/assets/fonts/feathericon.eot]
[doccure-html.dreamguystech.com/template/pharmacy/assets/fonts/feathericond41d.eot]
[doccure-html.dreamguystech.com/template/pharmacy/assets/fonts/feathericon.woff]
[doccure-html.dreamguystech.com/template/pharmacy/assets/fonts/feathericon.ttf]
[doccure-html.dreamguystech.com/template/pharmacy/assets/css/feathericon.min.css]
[doccure-html.dreamguystech.com/template/pharmacy/assets/plugins/morris/morris.css]
[doccure-html.dreamguystech.com/template/pharmacy/assets/fonts/feathericon.svg]
[doccure-html.dreamguystech.com/template/pharmacy/assets/fonts/MaterialIcons-Regular.eot]
[doccure-html.dreamguystech.com/template/pharmacy/assets/fonts/MaterialIcons-Regular.woff]
[doccure-html.dreamguystech.com/template/pharmacy/assets/css/style.css]
[doccure-html.dreamguystech.com/template/pharmacy/assets/fonts/MaterialIcons-Regular.ttf]
[doccure-html.dreamguystech.com/template/pharmacy/assets/img/patients/patient1.jpg]
[doccure-html.dreamguystech.com/template/pharmacy/assets/img/patients/patient2.jpg]
[doccure-html.dreamguystech.com/template/pharmacy/assets/img/patients/patient3.jpg]
[doccure-html.dreamguystech.com/template/pharmacy/profile.html]
[doccure-html.dreamguystech.com/template/pharmacy/settings.html]
[doccure-html.dreamguystech.com/template/pharmacy/login.html]
[doccure-html.dreamguystech.com/template/pharmacy/assets/plugins/fontawesome/css/fontawesome.min.css]
[doccure-html.dreamguystech.com/template/pharmacy/assets/plugins/fontawesome/css/all.min.css]
[doccure-html.dreamguystech.com/template/pharmacy/assets/plugins/datatables/datatables.min.css]
[doccure-html.dreamguystech.com/template/pharmacy/assets/img/product/product10.jpg]
[doccure-html.dreamguystech.com/template/pharmacy/edit-product.html]
[doccure-html.dreamguystech.com/template/pharmacy/assets/img/product/product2.jpg]
[doccure-html.dreamguystech.com/template/pharmacy/assets/img/product/product11.jpg]
[doccure-html.dreamguystech.com/template/pharmacy/assets/img/product/product12.jpg]
[doccure-html.dreamguystech.com/template/pharmacy/assets/img/product/product1.jpg]
[doccure-html.dreamguystech.com/template/pharmacy/assets/img/product/product13.jpg]
[doccure-html.dreamguystech.com/template/pharmacy/assets/img/product/product.jpg]
[doccure-html.dreamguystech.com/template/pharmacy/assets/img/product/product14.jpg]
[doccure-html.dreamguystech.com/template/pharmacy/assets/plugins/datatables/jquery.dataTables.min.js]
[doccure-html.dreamguystech.com/template/pharmacy/products.html]
[doccure-html.dreamguystech.com/template/pharmacy/assets/plugins/datatables/datatables.min.js]
[doccure-html.dreamguystech.com/template/pharmacy/assets/plugins/select2/css/select2.min.css]
[doccure-html.dreamguystech.com/template/pharmacy/add-product.html]
[doccure-html.dreamguystech.com/template/pharmacy/assets/plugins/select2/js/select2.min.js]
[doccure-html.dreamguystech.com/template/pharmacy/edit-medicine.html]
[doccure-html.dreamguystech.com/template/pharmacy/outstock.html]
[doccure-html.dreamguystech.com/template/pharmacy/expired.html]
[doccure-html.dreamguystech.com/template/pharmacy/categories.html]
[doccure-html.dreamguystech.com/template/pharmacy/purchase.html]
[doccure-html.dreamguystech.com/template/pharmacy/edit-purchase.html]
[doccure-html.dreamguystech.com/template/pharmacy/assets/css/bootstrap-datetimepicker.min.css]
[doccure-html.dreamguystech.com/template/pharmacy/assets/js/moment.min.js]
[doccure-html.dreamguystech.com/template/pharmacy/assets/js/bootstrap-datetimepicker.min.js]
[doccure-html.dreamguystech.com/template/pharmacy/add-purchase.html]
[doccure-html.dreamguystech.com/template/pharmacy/order.html]
[doccure-html.dreamguystech.com/template/pharmacy/sales.html]
[doccure-html.dreamguystech.com/template/pharmacy/invoice.html]
[doccure-html.dreamguystech.com/template/pharmacy/supplier.html]
[doccure-html.dreamguystech.com/template/pharmacy/add-supplier.html]
[doccure-html.dreamguystech.com/template/pharmacy/edit-supplier.html]
[doccure-html.dreamguystech.com/template/pharmacy/assets/img/product/product3.jpg]
[doccure-html.dreamguystech.com/template/pharmacy/assets/img/product/product4.jpg]
[doccure-html.dreamguystech.com/template/pharmacy/assets/img/product/product5.jpg]
[doccure-html.dreamguystech.com/template/pharmacy/assets/img/product/product6.jpg]
[doccure-html.dreamguystech.com/template/pharmacy/transactions-list.html]
[doccure-html.dreamguystech.com/template/pharmacy/invoice-report.html]
[doccure-html.dreamguystech.com/template/assets/css/owl.video.play.html]
[doccure-html.dreamguystech.com/template/assets/img/products/product9.jpg]
[doccure-html.dreamguystech.com/template/product-healthcare.html]
[doccure-html.dreamguystech.com/template/assets/plugins/jquery-ui/images/ui-icons_444444_256x240.png]
[doccure-html.dreamguystech.com/template/assets/plugins/jquery-ui/images/ui-icons_555555_256x240.png]
[doccure-html.dreamguystech.com/template/assets/plugins/jquery-ui/images/ui-icons_ffffff_256x240.png]
[doccure-html.dreamguystech.com/template/assets/plugins/jquery-ui/images/ui-icons_777620_256x240.png]
[doccure-html.dreamguystech.com/template/assets/plugins/jquery-ui/images/ui-icons_cc0000_256x240.png]
[doccure-html.dreamguystech.com/template/assets/plugins/jquery-ui/images/ui-icons_777777_256x240.png]
[doccure-html.dreamguystech.com/template/assets/plugins/jquery-ui/jquery-ui.min.css]
[doccure-html.dreamguystech.com/template/admin/assets/fonts/fontawesome-webfont3e6e.html]
[doccure-html.dreamguystech.com/template/admin/assets/fonts/fontawesome-webfont3e6e.svg]
[doccure-html.dreamguystech.com/template/admin/assets/fonts/feathericon.svg]
[doccure-html.dreamguystech.com/template/admin/assets/fonts/MaterialIcons-Regular.html]
[doccure-html.dreamguystech.com/template/admin/assets/plugins/datatables/datatables.min.css]
[doccure-html.dreamguystech.com/template/admin/invoice.html]
[doccure-html.dreamguystech.com/template/admin/assets/plugins/fontawesome/css/fontawesome.min.css]
[doccure-html.dreamguystech.com/template/admin/assets/plugins/fontawesome/webfonts/fa-brands-400.eot]
[doccure-html.dreamguystech.com/template/admin/assets/plugins/fontawesome/webfonts/fa-brands-400d41d.eot]
[doccure-html.dreamguystech.com/template/admin/assets/plugins/fontawesome/webfonts/fa-brands-400.woff]
[doccure-html.dreamguystech.com/template/admin/assets/plugins/fontawesome/webfonts/fa-brands-400.ttf]
[doccure-html.dreamguystech.com/template/admin/assets/plugins/fontawesome/webfonts/fa-brands-400.svg]
[doccure-html.dreamguystech.com/template/admin/assets/plugins/fontawesome/webfonts/fa-regular-400.eot]
[doccure-html.dreamguystech.com/template/admin/assets/plugins/fontawesome/webfonts/fa-regular-400d41d.eot]
[doccure-html.dreamguystech.com/template/admin/assets/plugins/fontawesome/webfonts/fa-regular-400.woff]
[doccure-html.dreamguystech.com/template/admin/assets/plugins/fontawesome/webfonts/fa-regular-400.ttf]
[doccure-html.dreamguystech.com/template/admin/assets/plugins/fontawesome/webfonts/fa-regular-400.svg]
[doccure-html.dreamguystech.com/template/admin/assets/plugins/fontawesome/webfonts/fa-solid-900.eot]
[doccure-html.dreamguystech.com/template/admin/assets/plugins/fontawesome/webfonts/fa-solid-900d41d.eot]
[doccure-html.dreamguystech.com/template/admin/assets/plugins/fontawesome/webfonts/fa-solid-900.woff]
[doccure-html.dreamguystech.com/template/admin/assets/plugins/fontawesome/webfonts/fa-solid-900.ttf]
[doccure-html.dreamguystech.com/template/admin/assets/plugins/fontawesome/css/all.min.css]
[doccure-html.dreamguystech.com/template/admin/pending-blog.html]
[doccure-html.dreamguystech.com/template/admin/doctor-profile.html]
[doccure-html.dreamguystech.com/template/admin/assets/css/select2.min.css]
[doccure-html.dreamguystech.com/template/pharmacy/assets/fonts/fontawesome-webfont3e6e.html]
[doccure-html.dreamguystech.com/template/pharmacy/assets/fonts/fontawesome-webfont3e6e.svg]
[doccure-html.dreamguystech.com/template/pharmacy/assets/fonts/feathericon.svg]
[doccure-html.dreamguystech.com/template/pharmacy/assets/fonts/MaterialIcons-Regular.html]
[doccure-html.dreamguystech.com/template/pharmacy/assets/plugins/fontawesome/css/fontawesome.min.css]
[doccure-html.dreamguystech.com/template/admin/assets/plugins/fontawesome/webfonts/fa-solid-900.svg]
[doccure-html.dreamguystech.com/template/pharmacy/assets/plugins/fontawesome/webfonts/fa-brands-400.eot]
[doccure-html.dreamguystech.com/template/pharmacy/assets/plugins/fontawesome/webfonts/fa-brands-400d41d.eot]
[doccure-html.dreamguystech.com/template/pharmacy/assets/plugins/fontawesome/webfonts/fa-brands-400.woff]
[doccure-html.dreamguystech.com/template/pharmacy/assets/plugins/fontawesome/webfonts/fa-brands-400.ttf]
[doccure-html.dreamguystech.com/template/pharmacy/assets/plugins/fontawesome/webfonts/fa-brands-400.svg]
[doccure-html.dreamguystech.com/template/pharmacy/assets/plugins/fontawesome/webfonts/fa-regular-400.eot]
[doccure-html.dreamguystech.com/template/pharmacy/assets/plugins/fontawesome/webfonts/fa-regular-400d41d.eot]
[doccure-html.dreamguystech.com/template/pharmacy/assets/plugins/fontawesome/webfonts/fa-regular-400.woff]
[doccure-html.dreamguystech.com/template/pharmacy/assets/plugins/fontawesome/webfonts/fa-regular-400.ttf]
[doccure-html.dreamguystech.com/template/pharmacy/assets/plugins/fontawesome/webfonts/fa-regular-400.svg]
[doccure-html.dreamguystech.com/template/pharmacy/assets/plugins/fontawesome/webfonts/fa-solid-900.eot]
[doccure-html.dreamguystech.com/template/pharmacy/assets/plugins/fontawesome/webfonts/fa-solid-900d41d.eot]
[doccure-html.dreamguystech.com/template/pharmacy/assets/plugins/fontawesome/webfonts/fa-solid-900.woff]
[doccure-html.dreamguystech.com/template/pharmacy/assets/plugins/fontawesome/webfonts/fa-solid-900.ttf]
[doccure-html.dreamguystech.com/template/pharmacy/assets/plugins/fontawesome/css/all.min.css]
[doccure-html.dreamguystech.com/template/pharmacy/assets/plugins/datatables/datatables.min.css]
[doccure-html.dreamguystech.com/template/pharmacy/edit-product.html]
[doccure-html.dreamguystech.com/template/pharmacy/assets/plugins/select2/css/select2.min.css]
[doccure-html.dreamguystech.com/template/pharmacy/edit-medicine.html]
[doccure-html.dreamguystech.com/template/pharmacy/edit-purchase.html]
[doccure-html.dreamguystech.com/template/pharmacy/assets/css/bootstrap-datetimepicker.min.css]
[doccure-html.dreamguystech.com/template/pharmacy/invoice.html]
[doccure-html.dreamguystech.com/template/pharmacy/edit-supplier.html]
[doccure-html.dreamguystech.com/template/admin/assets/plugins/fontawesome/webfonts/fa-brands-400.html]
[doccure-html.dreamguystech.com/template/admin/assets/plugins/fontawesome/webfonts/fa-brands-400.svg]
[doccure-html.dreamguystech.com/template/admin/assets/plugins/fontawesome/webfonts/fa-regular-400.html]
[doccure-html.dreamguystech.com/template/admin/assets/plugins/fontawesome/webfonts/fa-regular-400.svg]
[doccure-html.dreamguystech.com/template/admin/assets/plugins/fontawesome/webfonts/fa-solid-900.html]
[doccure-html.dreamguystech.com/template/admin/assets/plugins/fontawesome/webfonts/fa-solid-900.svg]
[doccure-html.dreamguystech.com/template/pharmacy/assets/plugins/fontawesome/webfonts/fa-brands-400.html]
[doccure-html.dreamguystech.com/template/pharmacy/assets/plugins/fontawesome/webfonts/fa-brands-400.svg]
[doccure-html.dreamguystech.com/template/pharmacy/assets/plugins/fontawesome/webfonts/fa-regular-400.html]
[doccure-html.dreamguystech.com/template/pharmacy/assets/plugins/fontawesome/webfonts/fa-regular-400.svg]
[doccure-html.dreamguystech.com/template/pharmacy/assets/plugins/fontawesome/webfonts/fa-solid-900.html]
[doccure-html.dreamguystech.com/template/pharmacy/assets/plugins/fontawesome/webfonts/fa-solid-900.svg]
[doccure-html.dreamguystech.com/template/pharmacy/assets/plugins/fontawesome/webfonts/fa-solid-900.svg]
